INFO: [VRFC 10-2263] Analyzing Verilog file "C:/Users/rohin/OneDrive/Documents/Desktop/lipsi/Lipsi_with_seven_seg/ALU.v" into library xil_defaultlib
INFO: [VRFC 10-311] analyzing module alu
INFO: [VRFC 10-2263] Analyzing Verilog file "C:/Users/rohin/OneDrive/Documents/Desktop/lipsi/Lipsi_with_seven_seg/Accum.v" into library xil_defaultlib
INFO: [VRFC 10-311] analyzing module accumulator
INFO: [VRFC 10-2263] Analyzing Verilog file "C:/Users/rohin/OneDrive/Documents/Desktop/lipsi/Lipsi_with_seven_seg/ctrl2.v" into library xil_defaultlib
INFO: [VRFC 10-311] analyzing module lipsi_fsm
INFO: [VRFC 10-2263] Analyzing Verilog file "C:/Users/rohin/OneDrive/Documents/Desktop/lipsi/Lipsi_with_seven_seg/increm.v" into library xil_defaultlib
INFO: [VRFC 10-311] analyzing module incrementer
INFO: [VRFC 10-2263] Analyzing Verilog file "C:/Users/rohin/OneDrive/Documents/Desktop/lipsi/Lipsi_with_seven_seg/memory.v" into library xil_defaultlib
INFO: [VRFC 10-311] analyzing module memory_block
INFO: [VRFC 10-2263] Analyzing Verilog file "C:/Users/rohin/OneDrive/Documents/Desktop/lipsi/Lipsi_with_seven_seg/mux3to1.v" into library xil_defaultlib
INFO: [VRFC 10-311] analyzing module mux3to1
INFO: [VRFC 10-2263] Analyzing Verilog file "C:/Users/rohin/OneDrive/Documents/Desktop/lipsi/Lipsi_with_seven_seg/pc.v" into library xil_defaultlib
INFO: [VRFC 10-311] analyzing module pc_register
INFO: [VRFC 10-2263] Analyzing Verilog file "C:/Users/rohin/OneDrive/Documents/Desktop/lipsi/Lipsi_with_seven_seg/seven_seg.v" into library xil_defaultlib
INFO: [VRFC 10-311] analyzing module seven_segment_display
INFO: [VRFC 10-2263] Analyzing Verilog file "C:/Users/rohin/OneDrive/Documents/Desktop/lipsi/Lipsi_with_seven_seg/top.v" into library xil_defaultlib
INFO: [VRFC 10-311] analyzing module top
INFO: [VRFC 10-2263] Analyzing Verilog file "C:/Users/rohin/OneDrive/Documents/Desktop/lipsi/Lipsi_with_seven_seg/toptb.v" into library xil_defaultlib
INFO: [VRFC 10-311] analyzing module toptb
